2024-11-26 23:40:43,133 [Worker-5: Loading available Gradle versions] INFO  o.e.b.c.i.u.g.PublishedGradleVersions - Gradle version information cache is up-to-date. Trying to read.
2024-11-26 23:41:06,738 [Worker-31: Creating project "ReportDemo"] INFO  o.e.m.c.i.l.LifecycleMappingFactory - Using org.eclipse.m2e.jdt.JarLifecycleMapping lifecycle mapping for MavenProject: ReportDemo:ReportDemo:0.0.1-SNAPSHOT @ E:\ReportDemoProject\ReportDemo\pom.xml.
2024-11-26 23:41:07,780 [Worker-31: Creating project "ReportDemo"] INFO  o.e.m.j.i.AbstractJavaProjectConfigurator - Adding source folder /ReportDemo/src/main/java
2024-11-26 23:41:07,786 [Worker-31: Creating project "ReportDemo"] INFO  o.e.m.j.i.AbstractJavaProjectConfigurator - Adding resource folder /ReportDemo/src/main/resources
2024-11-26 23:41:07,789 [Worker-31: Creating project "ReportDemo"] INFO  o.e.m.j.i.AbstractJavaProjectConfigurator - Adding source folder /ReportDemo/src/test/java
2024-11-26 23:41:07,790 [Worker-31: Creating project "ReportDemo"] INFO  o.e.m.j.i.AbstractJavaProjectConfigurator - Adding resource folder /ReportDemo/src/test/resources
2024-11-26 23:41:08,878 [Worker-30: Building] WARN  o.a.m.s.f.DefaultMavenResourcesFiltering - Using platform encoding (UTF-8 actually) to copy filtered resources, i.e. build is platform dependent!
2024-11-26 23:41:08,886 [Worker-30: Building] INFO  o.a.m.s.f.DefaultMavenResourcesFiltering - Copying 0 resource from src\main\resources to target\classes
2024-11-26 23:41:08,892 [Worker-30: Building] WARN  o.a.m.s.f.DefaultMavenResourcesFiltering - Using platform encoding (UTF-8 actually) to copy filtered resources, i.e. build is platform dependent!
2024-11-26 23:41:08,893 [Worker-30: Building] INFO  o.a.m.s.f.DefaultMavenResourcesFiltering - Copying 0 resource from src\test\resources to target\test-classes
2024-11-26 23:42:14,496 [Worker-21: Building] INFO  o.e.m.c.i.l.LifecycleMappingFactory - Using org.eclipse.m2e.jdt.JarLifecycleMapping lifecycle mapping for MavenProject: ReportDemo:ReportDemo:0.0.1-SNAPSHOT @ E:\ReportDemoProject\ReportDemo\pom.xml.
2024-11-26 23:42:14,654 [Worker-21: Building] WARN  o.a.m.s.f.DefaultMavenResourcesFiltering - Using platform encoding (UTF-8 actually) to copy filtered resources, i.e. build is platform dependent!
2024-11-26 23:42:14,658 [Worker-21: Building] INFO  o.a.m.s.f.DefaultMavenResourcesFiltering - Copying 0 resource from src\main\resources to target\classes
2024-11-26 23:42:14,663 [Worker-21: Building] WARN  o.a.m.s.f.DefaultMavenResourcesFiltering - Using platform encoding (UTF-8 actually) to copy filtered resources, i.e. build is platform dependent!
2024-11-26 23:42:14,665 [Worker-21: Building] INFO  o.a.m.s.f.DefaultMavenResourcesFiltering - Copying 0 resource from src\test\resources to target\test-classes
2024-11-26 23:42:38,993 [Worker-3: Building] INFO  o.e.m.c.i.l.LifecycleMappingFactory - Using org.eclipse.m2e.jdt.JarLifecycleMapping lifecycle mapping for MavenProject: ReportDemo:ReportDemo:0.0.1-SNAPSHOT @ E:\ReportDemoProject\ReportDemo\pom.xml.
2024-11-26 23:42:40,132 [Worker-3: Building] INFO  o.a.m.s.f.DefaultMavenResourcesFiltering - Copying 0 resource from src\main\resources to target\classes
2024-11-26 23:42:40,137 [Worker-3: Building] INFO  o.a.m.s.f.DefaultMavenResourcesFiltering - Copying 0 resource from src\test\resources to target\test-classes
2024-11-26 23:42:41,547 [Worker-15: Building] INFO  o.a.m.s.f.DefaultMavenResourcesFiltering - Copying 0 resource from src\main\resources to target\classes
2024-11-26 23:42:41,550 [Worker-15: Building] INFO  o.a.m.s.f.DefaultMavenResourcesFiltering - Copying 0 resource from src\test\resources to target\test-classes
2024-11-26 23:44:09,673 [Worker-22: Building] INFO  o.a.m.s.f.DefaultMavenResourcesFiltering - Copying 0 resource from src\main\resources to target\classes
2024-11-26 23:44:09,677 [Worker-22: Building] INFO  o.a.m.s.f.DefaultMavenResourcesFiltering - Copying 0 resource from src\test\resources to target\test-classes
2024-11-26 23:44:22,051 [Worker-18: Building] INFO  o.a.m.s.f.DefaultMavenResourcesFiltering - Copying 0 resource from src\main\resources to target\classes
2024-11-26 23:44:22,055 [Worker-18: Building] INFO  o.a.m.s.f.DefaultMavenResourcesFiltering - Copying 0 resource from src\test\resources to target\test-classes
2024-11-26 23:44:38,639 [Worker-32: Building] INFO  o.a.m.s.f.DefaultMavenResourcesFiltering - Copying 0 resource from src\main\resources to target\classes
2024-11-26 23:44:38,641 [Worker-32: Building] INFO  o.a.m.s.f.DefaultMavenResourcesFiltering - Copying 0 resource from src\test\resources to target\test-classes
2024-11-26 23:45:00,533 [Worker-21: Building] INFO  o.a.m.s.f.DefaultMavenResourcesFiltering - Copying 0 resource from src\main\resources to target\classes
2024-11-26 23:45:00,535 [Worker-21: Building] INFO  o.a.m.s.f.DefaultMavenResourcesFiltering - Copying 0 resource from src\test\resources to target\test-classes
2024-11-26 23:45:29,100 [Worker-26: Building] INFO  o.a.m.s.f.DefaultMavenResourcesFiltering - Copying 0 resource from src\main\resources to target\classes
2024-11-26 23:45:29,103 [Worker-26: Building] INFO  o.a.m.s.f.DefaultMavenResourcesFiltering - Copying 0 resource from src\test\resources to target\test-classes
2024-11-26 23:45:39,032 [Worker-0: Building] INFO  o.a.m.s.f.DefaultMavenResourcesFiltering - Copying 0 resource from src\main\resources to target\classes
2024-11-26 23:45:39,033 [Worker-0: Building] INFO  o.a.m.s.f.DefaultMavenResourcesFiltering - Copying 0 resource from src\test\resources to target\test-classes
2024-11-26 23:46:04,872 [Worker-29: Building] INFO  o.a.m.s.f.DefaultMavenResourcesFiltering - Copying 0 resource from src\main\resources to target\classes
2024-11-26 23:46:04,874 [Worker-29: Building] INFO  o.a.m.s.f.DefaultMavenResourcesFiltering - Copying 0 resource from src\test\resources to target\test-classes
2024-11-26 23:46:20,556 [Worker-12: Building] INFO  o.a.m.s.f.DefaultMavenResourcesFiltering - Copying 0 resource from src\main\resources to target\classes
2024-11-26 23:46:20,558 [Worker-12: Building] INFO  o.a.m.s.f.DefaultMavenResourcesFiltering - Copying 0 resource from src\test\resources to target\test-classes
2024-11-26 23:46:55,549 [Worker-24: Building] INFO  o.a.m.s.f.DefaultMavenResourcesFiltering - Copying 0 resource from src\main\resources to target\classes
2024-11-26 23:46:55,552 [Worker-24: Building] INFO  o.a.m.s.f.DefaultMavenResourcesFiltering - Copying 1 resource from src\test\resources to target\test-classes
2024-11-26 23:47:02,490 [Worker-8: Building] INFO  o.a.m.s.f.DefaultMavenResourcesFiltering - Copying 0 resource from src\main\resources to target\classes
2024-11-26 23:47:02,492 [Worker-8: Building] INFO  o.a.m.s.f.DefaultMavenResourcesFiltering - Copying 1 resource from src\test\resources to target\test-classes
2024-11-26 23:47:16,462 [main] INFO  o.e.m2e.actions.ExecutePomAction - Creating new launch configuration
2024-11-26 23:47:21,446 [Worker-3: Launching ReportDemo] INFO  o.eclipse.m2e.core.internal.Bundles - getClasspathEntries(Bundle=org.eclipse.m2e.maven.runtime_3.9.900.20240824-1409 [642])
2024-11-26 23:47:21,448 [Worker-3: Launching ReportDemo] INFO  o.eclipse.m2e.core.internal.Bundles - 	Entry: C:\Users\ravig\.p2\pool\plugins\org.eclipse.m2e.maven.runtime_3.9.900.20240824-1409
2024-11-26 23:47:21,448 [Worker-3: Launching ReportDemo] INFO  o.eclipse.m2e.core.internal.Bundles - 	Entry: C:\Users\ravig\.p2\pool\plugins\org.eclipse.m2e.maven.runtime_3.9.900.20240824-1409\jars\aopalliance-1.0.jar
2024-11-26 23:47:21,448 [Worker-3: Launching ReportDemo] INFO  o.eclipse.m2e.core.internal.Bundles - 	Entry: C:\Users\ravig\.p2\pool\plugins\org.eclipse.m2e.maven.runtime_3.9.900.20240824-1409\jars\guice-5.1.0.jar
2024-11-26 23:47:21,448 [Worker-3: Launching ReportDemo] INFO  o.eclipse.m2e.core.internal.Bundles - 	Entry: C:\Users\ravig\.p2\pool\plugins\org.eclipse.m2e.maven.runtime_3.9.900.20240824-1409\jars\httpclient-4.5.14.jar
2024-11-26 23:47:21,448 [Worker-3: Launching ReportDemo] INFO  o.eclipse.m2e.core.internal.Bundles - 	Entry: C:\Users\ravig\.p2\pool\plugins\org.eclipse.m2e.maven.runtime_3.9.900.20240824-1409\jars\httpcore-4.4.16.jar
2024-11-26 23:47:21,448 [Worker-3: Launching ReportDemo] INFO  o.eclipse.m2e.core.internal.Bundles - 	Entry: C:\Users\ravig\.p2\pool\plugins\org.eclipse.m2e.maven.runtime_3.9.900.20240824-1409\jars\jansi-2.4.1.jar
2024-11-26 23:47:21,449 [Worker-3: Launching ReportDemo] INFO  o.eclipse.m2e.core.internal.Bundles - 	Entry: C:\Users\ravig\.p2\pool\plugins\org.eclipse.m2e.maven.runtime_3.9.900.20240824-1409\jars\jcl-over-slf4j-1.7.36.jar
2024-11-26 23:47:21,449 [Worker-3: Launching ReportDemo] INFO  o.eclipse.m2e.core.internal.Bundles - 	Entry: C:\Users\ravig\.p2\pool\plugins\org.eclipse.m2e.maven.runtime_3.9.900.20240824-1409\jars\maven-artifact-3.9.9.jar
2024-11-26 23:47:21,449 [Worker-3: Launching ReportDemo] INFO  o.eclipse.m2e.core.internal.Bundles - 	Entry: C:\Users\ravig\.p2\pool\plugins\org.eclipse.m2e.maven.runtime_3.9.900.20240824-1409\jars\maven-builder-support-3.9.9.jar
2024-11-26 23:47:21,449 [Worker-3: Launching ReportDemo] INFO  o.eclipse.m2e.core.internal.Bundles - 	Entry: C:\Users\ravig\.p2\pool\plugins\org.eclipse.m2e.maven.runtime_3.9.900.20240824-1409\jars\maven-compat-3.9.9.jar
2024-11-26 23:47:21,449 [Worker-3: Launching ReportDemo] INFO  o.eclipse.m2e.core.internal.Bundles - 	Entry: C:\Users\ravig\.p2\pool\plugins\org.eclipse.m2e.maven.runtime_3.9.900.20240824-1409\jars\maven-core-3.9.9.jar
2024-11-26 23:47:21,449 [Worker-3: Launching ReportDemo] INFO  o.eclipse.m2e.core.internal.Bundles - 	Entry: C:\Users\ravig\.p2\pool\plugins\org.eclipse.m2e.maven.runtime_3.9.900.20240824-1409\jars\maven-embedder-3.9.9.jar
2024-11-26 23:47:21,449 [Worker-3: Launching ReportDemo] INFO  o.eclipse.m2e.core.internal.Bundles - 	Entry: C:\Users\ravig\.p2\pool\plugins\org.eclipse.m2e.maven.runtime_3.9.900.20240824-1409\jars\maven-model-3.9.9.jar
2024-11-26 23:47:21,449 [Worker-3: Launching ReportDemo] INFO  o.eclipse.m2e.core.internal.Bundles - 	Entry: C:\Users\ravig\.p2\pool\plugins\org.eclipse.m2e.maven.runtime_3.9.900.20240824-1409\jars\maven-model-builder-3.9.9.jar
2024-11-26 23:47:21,449 [Worker-3: Launching ReportDemo] INFO  o.eclipse.m2e.core.internal.Bundles - 	Entry: C:\Users\ravig\.p2\pool\plugins\org.eclipse.m2e.maven.runtime_3.9.900.20240824-1409\jars\maven-plugin-api-3.9.9.jar
2024-11-26 23:47:21,449 [Worker-3: Launching ReportDemo] INFO  o.eclipse.m2e.core.internal.Bundles - 	Entry: C:\Users\ravig\.p2\pool\plugins\org.eclipse.m2e.maven.runtime_3.9.900.20240824-1409\jars\maven-repository-metadata-3.9.9.jar
2024-11-26 23:47:21,449 [Worker-3: Launching ReportDemo] INFO  o.eclipse.m2e.core.internal.Bundles - 	Entry: C:\Users\ravig\.p2\pool\plugins\org.eclipse.m2e.maven.runtime_3.9.900.20240824-1409\jars\maven-resolver-api-1.9.22.jar
2024-11-26 23:47:21,449 [Worker-3: Launching ReportDemo] INFO  o.eclipse.m2e.core.internal.Bundles - 	Entry: C:\Users\ravig\.p2\pool\plugins\org.eclipse.m2e.maven.runtime_3.9.900.20240824-1409\jars\maven-resolver-connector-basic-1.9.22.jar
2024-11-26 23:47:21,449 [Worker-3: Launching ReportDemo] INFO  o.eclipse.m2e.core.internal.Bundles - 	Entry: C:\Users\ravig\.p2\pool\plugins\org.eclipse.m2e.maven.runtime_3.9.900.20240824-1409\jars\maven-resolver-impl-1.9.22.jar
2024-11-26 23:47:21,450 [Worker-3: Launching ReportDemo] INFO  o.eclipse.m2e.core.internal.Bundles - 	Entry: C:\Users\ravig\.p2\pool\plugins\org.eclipse.m2e.maven.runtime_3.9.900.20240824-1409\jars\maven-resolver-named-locks-1.9.22.jar
2024-11-26 23:47:21,450 [Worker-3: Launching ReportDemo] INFO  o.eclipse.m2e.core.internal.Bundles - 	Entry: C:\Users\ravig\.p2\pool\plugins\org.eclipse.m2e.maven.runtime_3.9.900.20240824-1409\jars\maven-resolver-provider-3.9.9.jar
2024-11-26 23:47:21,450 [Worker-3: Launching ReportDemo] INFO  o.eclipse.m2e.core.internal.Bundles - 	Entry: C:\Users\ravig\.p2\pool\plugins\org.eclipse.m2e.maven.runtime_3.9.900.20240824-1409\jars\maven-resolver-spi-1.9.22.jar
2024-11-26 23:47:21,450 [Worker-3: Launching ReportDemo] INFO  o.eclipse.m2e.core.internal.Bundles - 	Entry: C:\Users\ravig\.p2\pool\plugins\org.eclipse.m2e.maven.runtime_3.9.900.20240824-1409\jars\maven-resolver-transport-file-1.9.22.jar
2024-11-26 23:47:21,450 [Worker-3: Launching ReportDemo] INFO  o.eclipse.m2e.core.internal.Bundles - 	Entry: C:\Users\ravig\.p2\pool\plugins\org.eclipse.m2e.maven.runtime_3.9.900.20240824-1409\jars\maven-resolver-transport-http-1.9.22.jar
2024-11-26 23:47:21,450 [Worker-3: Launching ReportDemo] INFO  o.eclipse.m2e.core.internal.Bundles - 	Entry: C:\Users\ravig\.p2\pool\plugins\org.eclipse.m2e.maven.runtime_3.9.900.20240824-1409\jars\maven-resolver-transport-wagon-1.9.22.jar
2024-11-26 23:47:21,450 [Worker-3: Launching ReportDemo] INFO  o.eclipse.m2e.core.internal.Bundles - 	Entry: C:\Users\ravig\.p2\pool\plugins\org.eclipse.m2e.maven.runtime_3.9.900.20240824-1409\jars\maven-resolver-util-1.9.22.jar
2024-11-26 23:47:21,450 [Worker-3: Launching ReportDemo] INFO  o.eclipse.m2e.core.internal.Bundles - 	Entry: C:\Users\ravig\.p2\pool\plugins\org.eclipse.m2e.maven.runtime_3.9.900.20240824-1409\jars\maven-settings-3.9.9.jar
2024-11-26 23:47:21,450 [Worker-3: Launching ReportDemo] INFO  o.eclipse.m2e.core.internal.Bundles - 	Entry: C:\Users\ravig\.p2\pool\plugins\org.eclipse.m2e.maven.runtime_3.9.900.20240824-1409\jars\maven-settings-builder-3.9.9.jar
2024-11-26 23:47:21,450 [Worker-3: Launching ReportDemo] INFO  o.eclipse.m2e.core.internal.Bundles - 	Entry: C:\Users\ravig\.p2\pool\plugins\org.eclipse.m2e.maven.runtime_3.9.900.20240824-1409\jars\maven-shared-utils-3.4.2.jar
2024-11-26 23:47:21,450 [Worker-3: Launching ReportDemo] INFO  o.eclipse.m2e.core.internal.Bundles - 	Entry: C:\Users\ravig\.p2\pool\plugins\org.eclipse.m2e.maven.runtime_3.9.900.20240824-1409\jars\org.eclipse.sisu.inject-0.9.0.M3.jar
2024-11-26 23:47:21,450 [Worker-3: Launching ReportDemo] INFO  o.eclipse.m2e.core.internal.Bundles - 	Entry: C:\Users\ravig\.p2\pool\plugins\org.eclipse.m2e.maven.runtime_3.9.900.20240824-1409\jars\org.eclipse.sisu.plexus-0.9.0.M3.jar
2024-11-26 23:47:21,450 [Worker-3: Launching ReportDemo] INFO  o.eclipse.m2e.core.internal.Bundles - 	Entry: C:\Users\ravig\.p2\pool\plugins\org.eclipse.m2e.maven.runtime_3.9.900.20240824-1409\jars\plexus-build-api-0.0.7.jar
2024-11-26 23:47:21,450 [Worker-3: Launching ReportDemo] INFO  o.eclipse.m2e.core.internal.Bundles - 	Entry: C:\Users\ravig\.p2\pool\plugins\org.eclipse.m2e.maven.runtime_3.9.900.20240824-1409\jars\plexus-build-api-1.2.0.jar
2024-11-26 23:47:21,450 [Worker-3: Launching ReportDemo] INFO  o.eclipse.m2e.core.internal.Bundles - 	Entry: C:\Users\ravig\.p2\pool\plugins\org.eclipse.m2e.maven.runtime_3.9.900.20240824-1409\jars\plexus-cipher-2.0.jar
2024-11-26 23:47:21,451 [Worker-3: Launching ReportDemo] INFO  o.eclipse.m2e.core.internal.Bundles - 	Entry: C:\Users\ravig\.p2\pool\plugins\org.eclipse.m2e.maven.runtime_3.9.900.20240824-1409\jars\plexus-classworlds-2.8.0.jar
2024-11-26 23:47:21,451 [Worker-3: Launching ReportDemo] INFO  o.eclipse.m2e.core.internal.Bundles - 	Entry: C:\Users\ravig\.p2\pool\plugins\org.eclipse.m2e.maven.runtime_3.9.900.20240824-1409\jars\plexus-component-annotations-2.1.0.jar
2024-11-26 23:47:21,451 [Worker-3: Launching ReportDemo] INFO  o.eclipse.m2e.core.internal.Bundles - 	Entry: C:\Users\ravig\.p2\pool\plugins\org.eclipse.m2e.maven.runtime_3.9.900.20240824-1409\jars\plexus-interpolation-1.27.jar
2024-11-26 23:47:21,451 [Worker-3: Launching ReportDemo] INFO  o.eclipse.m2e.core.internal.Bundles - 	Entry: C:\Users\ravig\.p2\pool\plugins\org.eclipse.m2e.maven.runtime_3.9.900.20240824-1409\jars\plexus-sec-dispatcher-2.0.jar
2024-11-26 23:47:21,451 [Worker-3: Launching ReportDemo] INFO  o.eclipse.m2e.core.internal.Bundles - 	Entry: C:\Users\ravig\.p2\pool\plugins\org.eclipse.m2e.maven.runtime_3.9.900.20240824-1409\jars\plexus-utils-3.5.1.jar
2024-11-26 23:47:21,451 [Worker-3: Launching ReportDemo] INFO  o.eclipse.m2e.core.internal.Bundles - 	Entry: C:\Users\ravig\.p2\pool\plugins\org.eclipse.m2e.maven.runtime_3.9.900.20240824-1409\jars\plexus-xml-3.0.1.jar
2024-11-26 23:47:21,451 [Worker-3: Launching ReportDemo] INFO  o.eclipse.m2e.core.internal.Bundles - 	Entry: C:\Users\ravig\.p2\pool\plugins\org.eclipse.m2e.maven.runtime_3.9.900.20240824-1409\jars\wagon-file-3.5.3.jar
2024-11-26 23:47:21,451 [Worker-3: Launching ReportDemo] INFO  o.eclipse.m2e.core.internal.Bundles - 	Entry: C:\Users\ravig\.p2\pool\plugins\org.eclipse.m2e.maven.runtime_3.9.900.20240824-1409\jars\wagon-http-3.5.3.jar
2024-11-26 23:47:21,451 [Worker-3: Launching ReportDemo] INFO  o.eclipse.m2e.core.internal.Bundles - 	Entry: C:\Users\ravig\.p2\pool\plugins\org.eclipse.m2e.maven.runtime_3.9.900.20240824-1409\jars\wagon-http-shared-3.5.3.jar
2024-11-26 23:47:21,451 [Worker-3: Launching ReportDemo] INFO  o.eclipse.m2e.core.internal.Bundles - 	Entry: C:\Users\ravig\.p2\pool\plugins\org.eclipse.m2e.maven.runtime_3.9.900.20240824-1409\jars\wagon-provider-api-3.5.3.jar
2024-11-26 23:47:21,452 [Worker-3: Launching ReportDemo] INFO  o.eclipse.m2e.core.internal.Bundles - getClasspathEntries(Bundle=com.google.guava_33.3.0.jre [16])
2024-11-26 23:47:21,452 [Worker-3: Launching ReportDemo] INFO  o.eclipse.m2e.core.internal.Bundles - 	Entry: C:\Users\ravig\.p2\pool\plugins\com.google.guava_33.3.0.jre.jar
2024-11-26 23:47:21,452 [Worker-3: Launching ReportDemo] INFO  o.eclipse.m2e.core.internal.Bundles - getClasspathEntries(Bundle=slf4j.api_2.0.16 [1007])
2024-11-26 23:47:21,452 [Worker-3: Launching ReportDemo] INFO  o.eclipse.m2e.core.internal.Bundles - 	Entry: C:\Users\ravig\.p2\pool\plugins\slf4j.api_2.0.16.jar
2024-11-26 23:47:21,452 [Worker-3: Launching ReportDemo] INFO  o.eclipse.m2e.core.internal.Bundles - getClasspathEntries(Bundle=jakarta.inject.jakarta.inject-api_1.0.5 [34])
2024-11-26 23:47:21,452 [Worker-3: Launching ReportDemo] INFO  o.eclipse.m2e.core.internal.Bundles - 	Entry: C:\Users\ravig\.p2\pool\plugins\jakarta.inject.jakarta.inject-api_1.0.5.jar
2024-11-26 23:47:21,452 [Worker-3: Launching ReportDemo] INFO  o.eclipse.m2e.core.internal.Bundles - getClasspathEntries(Bundle=jakarta.annotation-api_1.3.5 [29])
2024-11-26 23:47:21,453 [Worker-3: Launching ReportDemo] INFO  o.eclipse.m2e.core.internal.Bundles - 	Entry: C:\Users\ravig\.p2\pool\plugins\jakarta.annotation-api_1.3.5.jar
2024-11-26 23:47:21,453 [Worker-3: Launching ReportDemo] INFO  o.eclipse.m2e.core.internal.Bundles - getClasspathEntries(Bundle=org.apache.commons.cli_1.9.0 [78])
2024-11-26 23:47:21,453 [Worker-3: Launching ReportDemo] INFO  o.eclipse.m2e.core.internal.Bundles - 	Entry: C:\Users\ravig\.p2\pool\plugins\org.apache.commons.cli_1.9.0.jar
2024-11-26 23:47:21,453 [Worker-3: Launching ReportDemo] INFO  o.eclipse.m2e.core.internal.Bundles - getClasspathEntries(Bundle=org.apache.commons.commons-codec_1.16.0 [81])
2024-11-26 23:47:21,453 [Worker-3: Launching ReportDemo] INFO  o.eclipse.m2e.core.internal.Bundles - 	Entry: C:\Users\ravig\.p2\pool\plugins\org.apache.commons.commons-codec_1.16.0.jar
2024-11-26 23:47:21,453 [Worker-3: Launching ReportDemo] INFO  o.eclipse.m2e.core.internal.Bundles - getClasspathEntries(Bundle=com.google.guava.failureaccess_1.0.2 [17])
2024-11-26 23:47:21,453 [Worker-3: Launching ReportDemo] INFO  o.eclipse.m2e.core.internal.Bundles - 	Entry: C:\Users\ravig\.p2\pool\plugins\com.google.guava.failureaccess_1.0.2.jar
2024-11-26 23:47:21,455 [Worker-3: Launching ReportDemo] INFO  o.e.m.i.launch.MavenLaunchDelegate - Run build in "E:\ReportDemoProject\ReportDemo":
2024-11-26 23:47:21,460 [Worker-3: Launching ReportDemo] INFO  o.e.m.i.launch.MavenLaunchDelegate -  mvn  -B -Dstyle.color=always clean test
2024-11-26 23:47:59,494 [Worker-20: Building] INFO  o.a.m.s.f.DefaultMavenResourcesFiltering - Copying 0 resource from src\main\resources to target\classes
2024-11-26 23:47:59,497 [Worker-20: Building] INFO  o.a.m.s.f.DefaultMavenResourcesFiltering - Copying 1 resource from src\test\resources to target\test-classes
2024-11-26 23:48:04,993 [main] INFO  o.e.m2e.actions.ExecutePomAction - Creating new launch configuration
2024-11-26 23:48:14,138 [Worker-16: Launching ReportDemo (1)] INFO  o.eclipse.m2e.core.internal.Bundles - getClasspathEntries(Bundle=org.eclipse.m2e.maven.runtime_3.9.900.20240824-1409 [642])
2024-11-26 23:48:14,139 [Worker-16: Launching ReportDemo (1)] INFO  o.eclipse.m2e.core.internal.Bundles - 	Entry: C:\Users\ravig\.p2\pool\plugins\org.eclipse.m2e.maven.runtime_3.9.900.20240824-1409
2024-11-26 23:48:14,140 [Worker-16: Launching ReportDemo (1)] INFO  o.eclipse.m2e.core.internal.Bundles - 	Entry: C:\Users\ravig\.p2\pool\plugins\org.eclipse.m2e.maven.runtime_3.9.900.20240824-1409\jars\aopalliance-1.0.jar
2024-11-26 23:48:14,140 [Worker-16: Launching ReportDemo (1)] INFO  o.eclipse.m2e.core.internal.Bundles - 	Entry: C:\Users\ravig\.p2\pool\plugins\org.eclipse.m2e.maven.runtime_3.9.900.20240824-1409\jars\guice-5.1.0.jar
2024-11-26 23:48:14,140 [Worker-16: Launching ReportDemo (1)] INFO  o.eclipse.m2e.core.internal.Bundles - 	Entry: C:\Users\ravig\.p2\pool\plugins\org.eclipse.m2e.maven.runtime_3.9.900.20240824-1409\jars\httpclient-4.5.14.jar
2024-11-26 23:48:14,140 [Worker-16: Launching ReportDemo (1)] INFO  o.eclipse.m2e.core.internal.Bundles - 	Entry: C:\Users\ravig\.p2\pool\plugins\org.eclipse.m2e.maven.runtime_3.9.900.20240824-1409\jars\httpcore-4.4.16.jar
2024-11-26 23:48:14,140 [Worker-16: Launching ReportDemo (1)] INFO  o.eclipse.m2e.core.internal.Bundles - 	Entry: C:\Users\ravig\.p2\pool\plugins\org.eclipse.m2e.maven.runtime_3.9.900.20240824-1409\jars\jansi-2.4.1.jar
2024-11-26 23:48:14,141 [Worker-16: Launching ReportDemo (1)] INFO  o.eclipse.m2e.core.internal.Bundles - 	Entry: C:\Users\ravig\.p2\pool\plugins\org.eclipse.m2e.maven.runtime_3.9.900.20240824-1409\jars\jcl-over-slf4j-1.7.36.jar
2024-11-26 23:48:14,141 [Worker-16: Launching ReportDemo (1)] INFO  o.eclipse.m2e.core.internal.Bundles - 	Entry: C:\Users\ravig\.p2\pool\plugins\org.eclipse.m2e.maven.runtime_3.9.900.20240824-1409\jars\maven-artifact-3.9.9.jar
2024-11-26 23:48:14,141 [Worker-16: Launching ReportDemo (1)] INFO  o.eclipse.m2e.core.internal.Bundles - 	Entry: C:\Users\ravig\.p2\pool\plugins\org.eclipse.m2e.maven.runtime_3.9.900.20240824-1409\jars\maven-builder-support-3.9.9.jar
2024-11-26 23:48:14,141 [Worker-16: Launching ReportDemo (1)] INFO  o.eclipse.m2e.core.internal.Bundles - 	Entry: C:\Users\ravig\.p2\pool\plugins\org.eclipse.m2e.maven.runtime_3.9.900.20240824-1409\jars\maven-compat-3.9.9.jar
2024-11-26 23:48:14,141 [Worker-16: Launching ReportDemo (1)] INFO  o.eclipse.m2e.core.internal.Bundles - 	Entry: C:\Users\ravig\.p2\pool\plugins\org.eclipse.m2e.maven.runtime_3.9.900.20240824-1409\jars\maven-core-3.9.9.jar
2024-11-26 23:48:14,142 [Worker-16: Launching ReportDemo (1)] INFO  o.eclipse.m2e.core.internal.Bundles - 	Entry: C:\Users\ravig\.p2\pool\plugins\org.eclipse.m2e.maven.runtime_3.9.900.20240824-1409\jars\maven-embedder-3.9.9.jar
2024-11-26 23:48:14,142 [Worker-16: Launching ReportDemo (1)] INFO  o.eclipse.m2e.core.internal.Bundles - 	Entry: C:\Users\ravig\.p2\pool\plugins\org.eclipse.m2e.maven.runtime_3.9.900.20240824-1409\jars\maven-model-3.9.9.jar
2024-11-26 23:48:14,142 [Worker-16: Launching ReportDemo (1)] INFO  o.eclipse.m2e.core.internal.Bundles - 	Entry: C:\Users\ravig\.p2\pool\plugins\org.eclipse.m2e.maven.runtime_3.9.900.20240824-1409\jars\maven-model-builder-3.9.9.jar
2024-11-26 23:48:14,143 [Worker-16: Launching ReportDemo (1)] INFO  o.eclipse.m2e.core.internal.Bundles - 	Entry: C:\Users\ravig\.p2\pool\plugins\org.eclipse.m2e.maven.runtime_3.9.900.20240824-1409\jars\maven-plugin-api-3.9.9.jar
2024-11-26 23:48:14,143 [Worker-16: Launching ReportDemo (1)] INFO  o.eclipse.m2e.core.internal.Bundles - 	Entry: C:\Users\ravig\.p2\pool\plugins\org.eclipse.m2e.maven.runtime_3.9.900.20240824-1409\jars\maven-repository-metadata-3.9.9.jar
2024-11-26 23:48:14,144 [Worker-16: Launching ReportDemo (1)] INFO  o.eclipse.m2e.core.internal.Bundles - 	Entry: C:\Users\ravig\.p2\pool\plugins\org.eclipse.m2e.maven.runtime_3.9.900.20240824-1409\jars\maven-resolver-api-1.9.22.jar
2024-11-26 23:48:14,144 [Worker-16: Launching ReportDemo (1)] INFO  o.eclipse.m2e.core.internal.Bundles - 	Entry: C:\Users\ravig\.p2\pool\plugins\org.eclipse.m2e.maven.runtime_3.9.900.20240824-1409\jars\maven-resolver-connector-basic-1.9.22.jar
2024-11-26 23:48:14,145 [Worker-16: Launching ReportDemo (1)] INFO  o.eclipse.m2e.core.internal.Bundles - 	Entry: C:\Users\ravig\.p2\pool\plugins\org.eclipse.m2e.maven.runtime_3.9.900.20240824-1409\jars\maven-resolver-impl-1.9.22.jar
2024-11-26 23:48:14,145 [Worker-16: Launching ReportDemo (1)] INFO  o.eclipse.m2e.core.internal.Bundles - 	Entry: C:\Users\ravig\.p2\pool\plugins\org.eclipse.m2e.maven.runtime_3.9.900.20240824-1409\jars\maven-resolver-named-locks-1.9.22.jar
2024-11-26 23:48:14,145 [Worker-16: Launching ReportDemo (1)] INFO  o.eclipse.m2e.core.internal.Bundles - 	Entry: C:\Users\ravig\.p2\pool\plugins\org.eclipse.m2e.maven.runtime_3.9.900.20240824-1409\jars\maven-resolver-provider-3.9.9.jar
2024-11-26 23:48:14,146 [Worker-16: Launching ReportDemo (1)] INFO  o.eclipse.m2e.core.internal.Bundles - 	Entry: C:\Users\ravig\.p2\pool\plugins\org.eclipse.m2e.maven.runtime_3.9.900.20240824-1409\jars\maven-resolver-spi-1.9.22.jar
2024-11-26 23:48:14,146 [Worker-16: Launching ReportDemo (1)] INFO  o.eclipse.m2e.core.internal.Bundles - 	Entry: C:\Users\ravig\.p2\pool\plugins\org.eclipse.m2e.maven.runtime_3.9.900.20240824-1409\jars\maven-resolver-transport-file-1.9.22.jar
2024-11-26 23:48:14,146 [Worker-16: Launching ReportDemo (1)] INFO  o.eclipse.m2e.core.internal.Bundles - 	Entry: C:\Users\ravig\.p2\pool\plugins\org.eclipse.m2e.maven.runtime_3.9.900.20240824-1409\jars\maven-resolver-transport-http-1.9.22.jar
2024-11-26 23:48:14,147 [Worker-16: Launching ReportDemo (1)] INFO  o.eclipse.m2e.core.internal.Bundles - 	Entry: C:\Users\ravig\.p2\pool\plugins\org.eclipse.m2e.maven.runtime_3.9.900.20240824-1409\jars\maven-resolver-transport-wagon-1.9.22.jar
2024-11-26 23:48:14,147 [Worker-16: Launching ReportDemo (1)] INFO  o.eclipse.m2e.core.internal.Bundles - 	Entry: C:\Users\ravig\.p2\pool\plugins\org.eclipse.m2e.maven.runtime_3.9.900.20240824-1409\jars\maven-resolver-util-1.9.22.jar
2024-11-26 23:48:14,147 [Worker-16: Launching ReportDemo (1)] INFO  o.eclipse.m2e.core.internal.Bundles - 	Entry: C:\Users\ravig\.p2\pool\plugins\org.eclipse.m2e.maven.runtime_3.9.900.20240824-1409\jars\maven-settings-3.9.9.jar
2024-11-26 23:48:14,147 [Worker-16: Launching ReportDemo (1)] INFO  o.eclipse.m2e.core.internal.Bundles - 	Entry: C:\Users\ravig\.p2\pool\plugins\org.eclipse.m2e.maven.runtime_3.9.900.20240824-1409\jars\maven-settings-builder-3.9.9.jar
2024-11-26 23:48:14,147 [Worker-16: Launching ReportDemo (1)] INFO  o.eclipse.m2e.core.internal.Bundles - 	Entry: C:\Users\ravig\.p2\pool\plugins\org.eclipse.m2e.maven.runtime_3.9.900.20240824-1409\jars\maven-shared-utils-3.4.2.jar
2024-11-26 23:48:14,147 [Worker-16: Launching ReportDemo (1)] INFO  o.eclipse.m2e.core.internal.Bundles - 	Entry: C:\Users\ravig\.p2\pool\plugins\org.eclipse.m2e.maven.runtime_3.9.900.20240824-1409\jars\org.eclipse.sisu.inject-0.9.0.M3.jar
2024-11-26 23:48:14,147 [Worker-16: Launching ReportDemo (1)] INFO  o.eclipse.m2e.core.internal.Bundles - 	Entry: C:\Users\ravig\.p2\pool\plugins\org.eclipse.m2e.maven.runtime_3.9.900.20240824-1409\jars\org.eclipse.sisu.plexus-0.9.0.M3.jar
2024-11-26 23:48:14,147 [Worker-16: Launching ReportDemo (1)] INFO  o.eclipse.m2e.core.internal.Bundles - 	Entry: C:\Users\ravig\.p2\pool\plugins\org.eclipse.m2e.maven.runtime_3.9.900.20240824-1409\jars\plexus-build-api-0.0.7.jar
2024-11-26 23:48:14,148 [Worker-16: Launching ReportDemo (1)] INFO  o.eclipse.m2e.core.internal.Bundles - 	Entry: C:\Users\ravig\.p2\pool\plugins\org.eclipse.m2e.maven.runtime_3.9.900.20240824-1409\jars\plexus-build-api-1.2.0.jar
2024-11-26 23:48:14,148 [Worker-16: Launching ReportDemo (1)] INFO  o.eclipse.m2e.core.internal.Bundles - 	Entry: C:\Users\ravig\.p2\pool\plugins\org.eclipse.m2e.maven.runtime_3.9.900.20240824-1409\jars\plexus-cipher-2.0.jar
2024-11-26 23:48:14,148 [Worker-16: Launching ReportDemo (1)] INFO  o.eclipse.m2e.core.internal.Bundles - 	Entry: C:\Users\ravig\.p2\pool\plugins\org.eclipse.m2e.maven.runtime_3.9.900.20240824-1409\jars\plexus-classworlds-2.8.0.jar
2024-11-26 23:48:14,148 [Worker-16: Launching ReportDemo (1)] INFO  o.eclipse.m2e.core.internal.Bundles - 	Entry: C:\Users\ravig\.p2\pool\plugins\org.eclipse.m2e.maven.runtime_3.9.900.20240824-1409\jars\plexus-component-annotations-2.1.0.jar
2024-11-26 23:48:14,148 [Worker-16: Launching ReportDemo (1)] INFO  o.eclipse.m2e.core.internal.Bundles - 	Entry: C:\Users\ravig\.p2\pool\plugins\org.eclipse.m2e.maven.runtime_3.9.900.20240824-1409\jars\plexus-interpolation-1.27.jar
2024-11-26 23:48:14,148 [Worker-16: Launching ReportDemo (1)] INFO  o.eclipse.m2e.core.internal.Bundles - 	Entry: C:\Users\ravig\.p2\pool\plugins\org.eclipse.m2e.maven.runtime_3.9.900.20240824-1409\jars\plexus-sec-dispatcher-2.0.jar
2024-11-26 23:48:14,148 [Worker-16: Launching ReportDemo (1)] INFO  o.eclipse.m2e.core.internal.Bundles - 	Entry: C:\Users\ravig\.p2\pool\plugins\org.eclipse.m2e.maven.runtime_3.9.900.20240824-1409\jars\plexus-utils-3.5.1.jar
2024-11-26 23:48:14,149 [Worker-16: Launching ReportDemo (1)] INFO  o.eclipse.m2e.core.internal.Bundles - 	Entry: C:\Users\ravig\.p2\pool\plugins\org.eclipse.m2e.maven.runtime_3.9.900.20240824-1409\jars\plexus-xml-3.0.1.jar
2024-11-26 23:48:14,149 [Worker-16: Launching ReportDemo (1)] INFO  o.eclipse.m2e.core.internal.Bundles - 	Entry: C:\Users\ravig\.p2\pool\plugins\org.eclipse.m2e.maven.runtime_3.9.900.20240824-1409\jars\wagon-file-3.5.3.jar
2024-11-26 23:48:14,150 [Worker-16: Launching ReportDemo (1)] INFO  o.eclipse.m2e.core.internal.Bundles - 	Entry: C:\Users\ravig\.p2\pool\plugins\org.eclipse.m2e.maven.runtime_3.9.900.20240824-1409\jars\wagon-http-3.5.3.jar
2024-11-26 23:48:14,150 [Worker-16: Launching ReportDemo (1)] INFO  o.eclipse.m2e.core.internal.Bundles - 	Entry: C:\Users\ravig\.p2\pool\plugins\org.eclipse.m2e.maven.runtime_3.9.900.20240824-1409\jars\wagon-http-shared-3.5.3.jar
2024-11-26 23:48:14,150 [Worker-16: Launching ReportDemo (1)] INFO  o.eclipse.m2e.core.internal.Bundles - 	Entry: C:\Users\ravig\.p2\pool\plugins\org.eclipse.m2e.maven.runtime_3.9.900.20240824-1409\jars\wagon-provider-api-3.5.3.jar
2024-11-26 23:48:14,150 [Worker-16: Launching ReportDemo (1)] INFO  o.eclipse.m2e.core.internal.Bundles - getClasspathEntries(Bundle=com.google.guava_33.3.0.jre [16])
2024-11-26 23:48:14,151 [Worker-16: Launching ReportDemo (1)] INFO  o.eclipse.m2e.core.internal.Bundles - 	Entry: C:\Users\ravig\.p2\pool\plugins\com.google.guava_33.3.0.jre.jar
2024-11-26 23:48:14,151 [Worker-16: Launching ReportDemo (1)] INFO  o.eclipse.m2e.core.internal.Bundles - getClasspathEntries(Bundle=slf4j.api_2.0.16 [1007])
2024-11-26 23:48:14,151 [Worker-16: Launching ReportDemo (1)] INFO  o.eclipse.m2e.core.internal.Bundles - 	Entry: C:\Users\ravig\.p2\pool\plugins\slf4j.api_2.0.16.jar
2024-11-26 23:48:14,151 [Worker-16: Launching ReportDemo (1)] INFO  o.eclipse.m2e.core.internal.Bundles - getClasspathEntries(Bundle=jakarta.inject.jakarta.inject-api_1.0.5 [34])
2024-11-26 23:48:14,151 [Worker-16: Launching ReportDemo (1)] INFO  o.eclipse.m2e.core.internal.Bundles - 	Entry: C:\Users\ravig\.p2\pool\plugins\jakarta.inject.jakarta.inject-api_1.0.5.jar
2024-11-26 23:48:14,151 [Worker-16: Launching ReportDemo (1)] INFO  o.eclipse.m2e.core.internal.Bundles - getClasspathEntries(Bundle=jakarta.annotation-api_1.3.5 [29])
2024-11-26 23:48:14,152 [Worker-16: Launching ReportDemo (1)] INFO  o.eclipse.m2e.core.internal.Bundles - 	Entry: C:\Users\ravig\.p2\pool\plugins\jakarta.annotation-api_1.3.5.jar
2024-11-26 23:48:14,152 [Worker-16: Launching ReportDemo (1)] INFO  o.eclipse.m2e.core.internal.Bundles - getClasspathEntries(Bundle=org.apache.commons.cli_1.9.0 [78])
2024-11-26 23:48:14,152 [Worker-16: Launching ReportDemo (1)] INFO  o.eclipse.m2e.core.internal.Bundles - 	Entry: C:\Users\ravig\.p2\pool\plugins\org.apache.commons.cli_1.9.0.jar
2024-11-26 23:48:14,152 [Worker-16: Launching ReportDemo (1)] INFO  o.eclipse.m2e.core.internal.Bundles - getClasspathEntries(Bundle=org.apache.commons.commons-codec_1.16.0 [81])
2024-11-26 23:48:14,152 [Worker-16: Launching ReportDemo (1)] INFO  o.eclipse.m2e.core.internal.Bundles - 	Entry: C:\Users\ravig\.p2\pool\plugins\org.apache.commons.commons-codec_1.16.0.jar
2024-11-26 23:48:14,152 [Worker-16: Launching ReportDemo (1)] INFO  o.eclipse.m2e.core.internal.Bundles - getClasspathEntries(Bundle=com.google.guava.failureaccess_1.0.2 [17])
2024-11-26 23:48:14,153 [Worker-16: Launching ReportDemo (1)] INFO  o.eclipse.m2e.core.internal.Bundles - 	Entry: C:\Users\ravig\.p2\pool\plugins\com.google.guava.failureaccess_1.0.2.jar
2024-11-26 23:48:14,154 [Worker-16: Launching ReportDemo (1)] INFO  o.e.m.i.launch.MavenLaunchDelegate - Run build in "E:\ReportDemoProject\ReportDemo":
2024-11-26 23:48:14,154 [Worker-16: Launching ReportDemo (1)] INFO  o.e.m.i.launch.MavenLaunchDelegate -  mvn  -B -Dstyle.color=always clean test
2024-11-26 23:49:01,672 [Worker-28: Building] INFO  o.a.m.s.f.DefaultMavenResourcesFiltering - Copying 0 resource from src\main\resources to target\classes
2024-11-26 23:49:01,674 [Worker-28: Building] INFO  o.a.m.s.f.DefaultMavenResourcesFiltering - Copying 1 resource from src\test\resources to target\test-classes
2024-11-26 23:49:07,424 [main] INFO  o.e.m2e.actions.ExecutePomAction - Creating new launch configuration
2024-11-26 23:49:16,228 [Worker-6: Launching ReportDemo (2)] INFO  o.eclipse.m2e.core.internal.Bundles - getClasspathEntries(Bundle=org.eclipse.m2e.maven.runtime_3.9.900.20240824-1409 [642])
2024-11-26 23:49:16,229 [Worker-6: Launching ReportDemo (2)] INFO  o.eclipse.m2e.core.internal.Bundles - 	Entry: C:\Users\ravig\.p2\pool\plugins\org.eclipse.m2e.maven.runtime_3.9.900.20240824-1409
2024-11-26 23:49:16,229 [Worker-6: Launching ReportDemo (2)] INFO  o.eclipse.m2e.core.internal.Bundles - 	Entry: C:\Users\ravig\.p2\pool\plugins\org.eclipse.m2e.maven.runtime_3.9.900.20240824-1409\jars\aopalliance-1.0.jar
2024-11-26 23:49:16,229 [Worker-6: Launching ReportDemo (2)] INFO  o.eclipse.m2e.core.internal.Bundles - 	Entry: C:\Users\ravig\.p2\pool\plugins\org.eclipse.m2e.maven.runtime_3.9.900.20240824-1409\jars\guice-5.1.0.jar
2024-11-26 23:49:16,229 [Worker-6: Launching ReportDemo (2)] INFO  o.eclipse.m2e.core.internal.Bundles - 	Entry: C:\Users\ravig\.p2\pool\plugins\org.eclipse.m2e.maven.runtime_3.9.900.20240824-1409\jars\httpclient-4.5.14.jar
2024-11-26 23:49:16,230 [Worker-6: Launching ReportDemo (2)] INFO  o.eclipse.m2e.core.internal.Bundles - 	Entry: C:\Users\ravig\.p2\pool\plugins\org.eclipse.m2e.maven.runtime_3.9.900.20240824-1409\jars\httpcore-4.4.16.jar
2024-11-26 23:49:16,230 [Worker-6: Launching ReportDemo (2)] INFO  o.eclipse.m2e.core.internal.Bundles - 	Entry: C:\Users\ravig\.p2\pool\plugins\org.eclipse.m2e.maven.runtime_3.9.900.20240824-1409\jars\jansi-2.4.1.jar
2024-11-26 23:49:16,230 [Worker-6: Launching ReportDemo (2)] INFO  o.eclipse.m2e.core.internal.Bundles - 	Entry: C:\Users\ravig\.p2\pool\plugins\org.eclipse.m2e.maven.runtime_3.9.900.20240824-1409\jars\jcl-over-slf4j-1.7.36.jar
2024-11-26 23:49:16,230 [Worker-6: Launching ReportDemo (2)] INFO  o.eclipse.m2e.core.internal.Bundles - 	Entry: C:\Users\ravig\.p2\pool\plugins\org.eclipse.m2e.maven.runtime_3.9.900.20240824-1409\jars\maven-artifact-3.9.9.jar
2024-11-26 23:49:16,230 [Worker-6: Launching ReportDemo (2)] INFO  o.eclipse.m2e.core.internal.Bundles - 	Entry: C:\Users\ravig\.p2\pool\plugins\org.eclipse.m2e.maven.runtime_3.9.900.20240824-1409\jars\maven-builder-support-3.9.9.jar
2024-11-26 23:49:16,230 [Worker-6: Launching ReportDemo (2)] INFO  o.eclipse.m2e.core.internal.Bundles - 	Entry: C:\Users\ravig\.p2\pool\plugins\org.eclipse.m2e.maven.runtime_3.9.900.20240824-1409\jars\maven-compat-3.9.9.jar
2024-11-26 23:49:16,230 [Worker-6: Launching ReportDemo (2)] INFO  o.eclipse.m2e.core.internal.Bundles - 	Entry: C:\Users\ravig\.p2\pool\plugins\org.eclipse.m2e.maven.runtime_3.9.900.20240824-1409\jars\maven-core-3.9.9.jar
2024-11-26 23:49:16,230 [Worker-6: Launching ReportDemo (2)] INFO  o.eclipse.m2e.core.internal.Bundles - 	Entry: C:\Users\ravig\.p2\pool\plugins\org.eclipse.m2e.maven.runtime_3.9.900.20240824-1409\jars\maven-embedder-3.9.9.jar
2024-11-26 23:49:16,230 [Worker-6: Launching ReportDemo (2)] INFO  o.eclipse.m2e.core.internal.Bundles - 	Entry: C:\Users\ravig\.p2\pool\plugins\org.eclipse.m2e.maven.runtime_3.9.900.20240824-1409\jars\maven-model-3.9.9.jar
2024-11-26 23:49:16,230 [Worker-6: Launching ReportDemo (2)] INFO  o.eclipse.m2e.core.internal.Bundles - 	Entry: C:\Users\ravig\.p2\pool\plugins\org.eclipse.m2e.maven.runtime_3.9.900.20240824-1409\jars\maven-model-builder-3.9.9.jar
2024-11-26 23:49:16,230 [Worker-6: Launching ReportDemo (2)] INFO  o.eclipse.m2e.core.internal.Bundles - 	Entry: C:\Users\ravig\.p2\pool\plugins\org.eclipse.m2e.maven.runtime_3.9.900.20240824-1409\jars\maven-plugin-api-3.9.9.jar
2024-11-26 23:49:16,231 [Worker-6: Launching ReportDemo (2)] INFO  o.eclipse.m2e.core.internal.Bundles - 	Entry: C:\Users\ravig\.p2\pool\plugins\org.eclipse.m2e.maven.runtime_3.9.900.20240824-1409\jars\maven-repository-metadata-3.9.9.jar
2024-11-26 23:49:16,231 [Worker-6: Launching ReportDemo (2)] INFO  o.eclipse.m2e.core.internal.Bundles - 	Entry: C:\Users\ravig\.p2\pool\plugins\org.eclipse.m2e.maven.runtime_3.9.900.20240824-1409\jars\maven-resolver-api-1.9.22.jar
2024-11-26 23:49:16,231 [Worker-6: Launching ReportDemo (2)] INFO  o.eclipse.m2e.core.internal.Bundles - 	Entry: C:\Users\ravig\.p2\pool\plugins\org.eclipse.m2e.maven.runtime_3.9.900.20240824-1409\jars\maven-resolver-connector-basic-1.9.22.jar
2024-11-26 23:49:16,231 [Worker-6: Launching ReportDemo (2)] INFO  o.eclipse.m2e.core.internal.Bundles - 	Entry: C:\Users\ravig\.p2\pool\plugins\org.eclipse.m2e.maven.runtime_3.9.900.20240824-1409\jars\maven-resolver-impl-1.9.22.jar
2024-11-26 23:49:16,231 [Worker-6: Launching ReportDemo (2)] INFO  o.eclipse.m2e.core.internal.Bundles - 	Entry: C:\Users\ravig\.p2\pool\plugins\org.eclipse.m2e.maven.runtime_3.9.900.20240824-1409\jars\maven-resolver-named-locks-1.9.22.jar
2024-11-26 23:49:16,231 [Worker-6: Launching ReportDemo (2)] INFO  o.eclipse.m2e.core.internal.Bundles - 	Entry: C:\Users\ravig\.p2\pool\plugins\org.eclipse.m2e.maven.runtime_3.9.900.20240824-1409\jars\maven-resolver-provider-3.9.9.jar
2024-11-26 23:49:16,231 [Worker-6: Launching ReportDemo (2)] INFO  o.eclipse.m2e.core.internal.Bundles - 	Entry: C:\Users\ravig\.p2\pool\plugins\org.eclipse.m2e.maven.runtime_3.9.900.20240824-1409\jars\maven-resolver-spi-1.9.22.jar
2024-11-26 23:49:16,231 [Worker-6: Launching ReportDemo (2)] INFO  o.eclipse.m2e.core.internal.Bundles - 	Entry: C:\Users\ravig\.p2\pool\plugins\org.eclipse.m2e.maven.runtime_3.9.900.20240824-1409\jars\maven-resolver-transport-file-1.9.22.jar
2024-11-26 23:49:16,231 [Worker-6: Launching ReportDemo (2)] INFO  o.eclipse.m2e.core.internal.Bundles - 	Entry: C:\Users\ravig\.p2\pool\plugins\org.eclipse.m2e.maven.runtime_3.9.900.20240824-1409\jars\maven-resolver-transport-http-1.9.22.jar
2024-11-26 23:49:16,231 [Worker-6: Launching ReportDemo (2)] INFO  o.eclipse.m2e.core.internal.Bundles - 	Entry: C:\Users\ravig\.p2\pool\plugins\org.eclipse.m2e.maven.runtime_3.9.900.20240824-1409\jars\maven-resolver-transport-wagon-1.9.22.jar
2024-11-26 23:49:16,231 [Worker-6: Launching ReportDemo (2)] INFO  o.eclipse.m2e.core.internal.Bundles - 	Entry: C:\Users\ravig\.p2\pool\plugins\org.eclipse.m2e.maven.runtime_3.9.900.20240824-1409\jars\maven-resolver-util-1.9.22.jar
2024-11-26 23:49:16,231 [Worker-6: Launching ReportDemo (2)] INFO  o.eclipse.m2e.core.internal.Bundles - 	Entry: C:\Users\ravig\.p2\pool\plugins\org.eclipse.m2e.maven.runtime_3.9.900.20240824-1409\jars\maven-settings-3.9.9.jar
2024-11-26 23:49:16,231 [Worker-6: Launching ReportDemo (2)] INFO  o.eclipse.m2e.core.internal.Bundles - 	Entry: C:\Users\ravig\.p2\pool\plugins\org.eclipse.m2e.maven.runtime_3.9.900.20240824-1409\jars\maven-settings-builder-3.9.9.jar
2024-11-26 23:49:16,231 [Worker-6: Launching ReportDemo (2)] INFO  o.eclipse.m2e.core.internal.Bundles - 	Entry: C:\Users\ravig\.p2\pool\plugins\org.eclipse.m2e.maven.runtime_3.9.900.20240824-1409\jars\maven-shared-utils-3.4.2.jar
2024-11-26 23:49:16,232 [Worker-6: Launching ReportDemo (2)] INFO  o.eclipse.m2e.core.internal.Bundles - 	Entry: C:\Users\ravig\.p2\pool\plugins\org.eclipse.m2e.maven.runtime_3.9.900.20240824-1409\jars\org.eclipse.sisu.inject-0.9.0.M3.jar
2024-11-26 23:49:16,232 [Worker-6: Launching ReportDemo (2)] INFO  o.eclipse.m2e.core.internal.Bundles - 	Entry: C:\Users\ravig\.p2\pool\plugins\org.eclipse.m2e.maven.runtime_3.9.900.20240824-1409\jars\org.eclipse.sisu.plexus-0.9.0.M3.jar
2024-11-26 23:49:16,232 [Worker-6: Launching ReportDemo (2)] INFO  o.eclipse.m2e.core.internal.Bundles - 	Entry: C:\Users\ravig\.p2\pool\plugins\org.eclipse.m2e.maven.runtime_3.9.900.20240824-1409\jars\plexus-build-api-0.0.7.jar
2024-11-26 23:49:16,232 [Worker-6: Launching ReportDemo (2)] INFO  o.eclipse.m2e.core.internal.Bundles - 	Entry: C:\Users\ravig\.p2\pool\plugins\org.eclipse.m2e.maven.runtime_3.9.900.20240824-1409\jars\plexus-build-api-1.2.0.jar
2024-11-26 23:49:16,232 [Worker-6: Launching ReportDemo (2)] INFO  o.eclipse.m2e.core.internal.Bundles - 	Entry: C:\Users\ravig\.p2\pool\plugins\org.eclipse.m2e.maven.runtime_3.9.900.20240824-1409\jars\plexus-cipher-2.0.jar
2024-11-26 23:49:16,232 [Worker-6: Launching ReportDemo (2)] INFO  o.eclipse.m2e.core.internal.Bundles - 	Entry: C:\Users\ravig\.p2\pool\plugins\org.eclipse.m2e.maven.runtime_3.9.900.20240824-1409\jars\plexus-classworlds-2.8.0.jar
2024-11-26 23:49:16,232 [Worker-6: Launching ReportDemo (2)] INFO  o.eclipse.m2e.core.internal.Bundles - 	Entry: C:\Users\ravig\.p2\pool\plugins\org.eclipse.m2e.maven.runtime_3.9.900.20240824-1409\jars\plexus-component-annotations-2.1.0.jar
2024-11-26 23:49:16,232 [Worker-6: Launching ReportDemo (2)] INFO  o.eclipse.m2e.core.internal.Bundles - 	Entry: C:\Users\ravig\.p2\pool\plugins\org.eclipse.m2e.maven.runtime_3.9.900.20240824-1409\jars\plexus-interpolation-1.27.jar
2024-11-26 23:49:16,232 [Worker-6: Launching ReportDemo (2)] INFO  o.eclipse.m2e.core.internal.Bundles - 	Entry: C:\Users\ravig\.p2\pool\plugins\org.eclipse.m2e.maven.runtime_3.9.900.20240824-1409\jars\plexus-sec-dispatcher-2.0.jar
2024-11-26 23:49:16,232 [Worker-6: Launching ReportDemo (2)] INFO  o.eclipse.m2e.core.internal.Bundles - 	Entry: C:\Users\ravig\.p2\pool\plugins\org.eclipse.m2e.maven.runtime_3.9.900.20240824-1409\jars\plexus-utils-3.5.1.jar
2024-11-26 23:49:16,232 [Worker-6: Launching ReportDemo (2)] INFO  o.eclipse.m2e.core.internal.Bundles - 	Entry: C:\Users\ravig\.p2\pool\plugins\org.eclipse.m2e.maven.runtime_3.9.900.20240824-1409\jars\plexus-xml-3.0.1.jar
2024-11-26 23:49:16,232 [Worker-6: Launching ReportDemo (2)] INFO  o.eclipse.m2e.core.internal.Bundles - 	Entry: C:\Users\ravig\.p2\pool\plugins\org.eclipse.m2e.maven.runtime_3.9.900.20240824-1409\jars\wagon-file-3.5.3.jar
2024-11-26 23:49:16,232 [Worker-6: Launching ReportDemo (2)] INFO  o.eclipse.m2e.core.internal.Bundles - 	Entry: C:\Users\ravig\.p2\pool\plugins\org.eclipse.m2e.maven.runtime_3.9.900.20240824-1409\jars\wagon-http-3.5.3.jar
2024-11-26 23:49:16,232 [Worker-6: Launching ReportDemo (2)] INFO  o.eclipse.m2e.core.internal.Bundles - 	Entry: C:\Users\ravig\.p2\pool\plugins\org.eclipse.m2e.maven.runtime_3.9.900.20240824-1409\jars\wagon-http-shared-3.5.3.jar
2024-11-26 23:49:16,232 [Worker-6: Launching ReportDemo (2)] INFO  o.eclipse.m2e.core.internal.Bundles - 	Entry: C:\Users\ravig\.p2\pool\plugins\org.eclipse.m2e.maven.runtime_3.9.900.20240824-1409\jars\wagon-provider-api-3.5.3.jar
2024-11-26 23:49:16,233 [Worker-6: Launching ReportDemo (2)] INFO  o.eclipse.m2e.core.internal.Bundles - getClasspathEntries(Bundle=com.google.guava_33.3.0.jre [16])
2024-11-26 23:49:16,233 [Worker-6: Launching ReportDemo (2)] INFO  o.eclipse.m2e.core.internal.Bundles - 	Entry: C:\Users\ravig\.p2\pool\plugins\com.google.guava_33.3.0.jre.jar
2024-11-26 23:49:16,233 [Worker-6: Launching ReportDemo (2)] INFO  o.eclipse.m2e.core.internal.Bundles - getClasspathEntries(Bundle=slf4j.api_2.0.16 [1007])
2024-11-26 23:49:16,233 [Worker-6: Launching ReportDemo (2)] INFO  o.eclipse.m2e.core.internal.Bundles - 	Entry: C:\Users\ravig\.p2\pool\plugins\slf4j.api_2.0.16.jar
2024-11-26 23:49:16,233 [Worker-6: Launching ReportDemo (2)] INFO  o.eclipse.m2e.core.internal.Bundles - getClasspathEntries(Bundle=jakarta.inject.jakarta.inject-api_1.0.5 [34])
2024-11-26 23:49:16,233 [Worker-6: Launching ReportDemo (2)] INFO  o.eclipse.m2e.core.internal.Bundles - 	Entry: C:\Users\ravig\.p2\pool\plugins\jakarta.inject.jakarta.inject-api_1.0.5.jar
2024-11-26 23:49:16,233 [Worker-6: Launching ReportDemo (2)] INFO  o.eclipse.m2e.core.internal.Bundles - getClasspathEntries(Bundle=jakarta.annotation-api_1.3.5 [29])
2024-11-26 23:49:16,233 [Worker-6: Launching ReportDemo (2)] INFO  o.eclipse.m2e.core.internal.Bundles - 	Entry: C:\Users\ravig\.p2\pool\plugins\jakarta.annotation-api_1.3.5.jar
2024-11-26 23:49:16,233 [Worker-6: Launching ReportDemo (2)] INFO  o.eclipse.m2e.core.internal.Bundles - getClasspathEntries(Bundle=org.apache.commons.cli_1.9.0 [78])
2024-11-26 23:49:16,234 [Worker-6: Launching ReportDemo (2)] INFO  o.eclipse.m2e.core.internal.Bundles - 	Entry: C:\Users\ravig\.p2\pool\plugins\org.apache.commons.cli_1.9.0.jar
2024-11-26 23:49:16,234 [Worker-6: Launching ReportDemo (2)] INFO  o.eclipse.m2e.core.internal.Bundles - getClasspathEntries(Bundle=org.apache.commons.commons-codec_1.16.0 [81])
2024-11-26 23:49:16,234 [Worker-6: Launching ReportDemo (2)] INFO  o.eclipse.m2e.core.internal.Bundles - 	Entry: C:\Users\ravig\.p2\pool\plugins\org.apache.commons.commons-codec_1.16.0.jar
2024-11-26 23:49:16,234 [Worker-6: Launching ReportDemo (2)] INFO  o.eclipse.m2e.core.internal.Bundles - getClasspathEntries(Bundle=com.google.guava.failureaccess_1.0.2 [17])
2024-11-26 23:49:16,234 [Worker-6: Launching ReportDemo (2)] INFO  o.eclipse.m2e.core.internal.Bundles - 	Entry: C:\Users\ravig\.p2\pool\plugins\com.google.guava.failureaccess_1.0.2.jar
2024-11-26 23:49:16,234 [Worker-6: Launching ReportDemo (2)] INFO  o.e.m.i.launch.MavenLaunchDelegate - Run build in "E:\ReportDemoProject\ReportDemo":
2024-11-26 23:49:16,234 [Worker-6: Launching ReportDemo (2)] INFO  o.e.m.i.launch.MavenLaunchDelegate -  mvn  -B -Dstyle.color=always clean test
2024-11-26 23:50:17,922 [Worker-24: Building] INFO  o.a.m.s.f.DefaultMavenResourcesFiltering - Copying 0 resource from src\main\resources to target\classes
2024-11-26 23:50:17,924 [Worker-24: Building] INFO  o.a.m.s.f.DefaultMavenResourcesFiltering - Copying 1 resource from src\test\resources to target\test-classes
